Arguments: 
  /usr/local/bin/node /usr/local/bin/yarn add -P braft-utils

PATH: 
  /Users/margox/.pyenv/shims:/Users/margox/bin:/usr/local/bin:/usr/local/bin:/usr/bin:/bin:/usr/sbin:/sbin:/opt/X11/bin:/usr/local/share/dotnet:/Library/Frameworks/Mono.framework/Versions/Current/Commands

Yarn version: 
  0.27.5

Node version: 
  8.5.0

Platform: 
  darwin x64

npm manifest: 
  {
    "name": "braft-editor",
    "version": "2.0.0",
    "description": "Rich Text Editor Based On Draft.js",
    "main": "dist/braft.js",
    "author": "Margox",
    "scripts": {
      "start": "webpack-dev-server --config ./build/webpack.development.js -d --history-api-fallback --no-inline --progress --colors",
      "build": "rm -rf dist/ && NODE_ENV=production webpack --config ./build/webpack.production.js --progress --colors",
      "test": "echo \"Error: no test specified\" && exit 1"
    },
    "repository": "https://github.com/margox/braft",
    "keywords": [
      "braft",
      "draft",
      "rich",
      "text",
      "editor",
      "rich-text-editor",
      "wysiwyg"
    ],
    "license": "MIT",
    "devDependencies": {
      "babel-core": "^6.26.3",
      "babel-loader": "^7.1.4",
      "babel-plugin-transform-runtime": "^6.23.0",
      "babel-preset-es2015": "^6.24.1",
      "babel-preset-react": "^6.24.1",
      "babel-preset-stage-0": "^6.24.1",
      "css-loader": "^0.28.11",
      "extract-text-webpack-plugin": "next",
      "html-webpack-plugin": "next",
      "node-sass": "^4.9.0",
      "optimize-css-assets-webpack-plugin": "^4.0.2",
      "react": "^16.4.1",
      "react-dom": "^16.4.1",
      "react-hot-loader": "^4.3.3",
      "sass-loader": "^7.0.3",
      "style-loader": "^0.21.0",
      "url-loader": "^1.0.1",
      "webpack": "^4.12.0",
      "webpack-cli": "^3.0.8",
      "webpack-merge": "^4.1.3"
    },
    "dependencies": {
      "draft-convert": "^2.0.0",
      "draft-js": "^0.10.3",
      "draftjs-utils": "^0.8.7"
    },
    "peerDependencies": {
      "react": "^15.0.2|| ^16.0.0-rc || ^16.0.0",
      "react-dom": "^15.0.2|| ^16.0.0-rc || ^16.0.0"
    }
  }

yarn manifest: 
  No manifest

Lockfile: 
  No lockfile

Trace: 
  Error: https://registry.npmjs.org/braft-utils: Not found
      at Request.params.callback [as _callback] (/usr/local/Cellar/yarn/0.27.5/libexec/lib/yarn-cli.js:58200:18)
      at Request.self.callback (/usr/local/Cellar/yarn/0.27.5/libexec/lib/yarn-cli.js:114242:22)
      at emitTwo (events.js:125:13)
      at Request.emit (events.js:213:7)
      at Request.<anonymous> (/usr/local/Cellar/yarn/0.27.5/libexec/lib/yarn-cli.js:115225:10)
      at emitOne (events.js:115:13)
      at Request.emit (events.js:210:7)
      at IncomingMessage.<anonymous> (/usr/local/Cellar/yarn/0.27.5/libexec/lib/yarn-cli.js:115145:12)
      at Object.onceWrapper (events.js:314:30)
      at emitNone (events.js:110:20)
